<?xml version="1.0" encoding="UTF-8"?>
<!-- Generated by org.testng.reporters.JUnitXMLReporter -->
<testsuite ignored="2" hostname="LAPTOP-GE0MH9LO" failures="0" tests="1" name="Default test" time="16.536" errors="0" timestamp="30 Jan 2019 01:55:38 GMT">
  <testcase classname="com.whitecircleschool.demo.GoodToGo.AddressesTest" name="countriesNamesValidate" time="7.353"/>
  <testcase classname="com.whitecircleschool.demo.GoodToGo.BaseTest" name="@AfterTest closeBrowser" time="0.0">
    <ignored/>
  </testcase> <!-- @AfterTest closeBrowser -->
  <testcase classname="com.whitecircleschool.demo.GoodToGo.BaseTest" name="@BeforeTest openBrowser" time="0.0">
    <ignored/>
  </testcase> <!-- @BeforeTest openBrowser -->
</testsuite> <!-- Default test -->
