<?xml version="1.0" encoding="UTF-8"?>
<testng-results ignored="0" total="1" passed="1" failed="0" skipped="0">
  <reporter-output>
  </reporter-output>
  <suite started-at="2019-01-30T02:03:03Z" name="Suite" finished-at="2019-01-30T02:03:19Z" duration-ms="15992">
    <groups>
    </groups>
    <test started-at="2019-01-30T02:03:03Z" name="AddressesTest" finished-at="2019-01-30T02:03:19Z" duration-ms="15992">
      <class name="com.whitecircleschool.demo.GoodToGo.AddressesTest">
        <test-method is-config="true" signature="openBrowser()[pri:0, instance:com.whitecircleschool.demo.GoodToGo.AddressesTest@63070bab]" started-at="2019-01-30T02:03:03Z" name="openBrowser" finished-at="2019-01-30T02:03:09Z" duration-ms="5647" status="PASS">
          <reporter-output>
          </reporter-output>
        </test-method> <!-- openBrowser -->
        <test-method signature="countriesNamesValidate()[pri:0, instance:com.whitecircleschool.demo.GoodToGo.AddressesTest@63070bab]" started-at="2019-01-30T02:03:09Z" name="countriesNamesValidate" finished-at="2019-01-30T02:03:16Z" duration-ms="7241" status="PASS">
          <reporter-output>
          </reporter-output>
        </test-method> <!-- countriesNamesValidate -->
        <test-method is-config="true" signature="closeBrowser()[pri:0, instance:com.whitecircleschool.demo.GoodToGo.AddressesTest@63070bab]" started-at="2019-01-30T02:03:16Z" name="closeBrowser" finished-at="2019-01-30T02:03:19Z" duration-ms="3072" status="PASS">
          <reporter-output>
          </reporter-output>
        </test-method> <!-- closeBrowser -->
      </class> <!-- com.whitecircleschool.demo.GoodToGo.AddressesTest -->
    </test> <!-- AddressesTest -->
  </suite> <!-- Suite -->
</testng-results>
